
[0m[2m[35m$[0m [2m[1mnext build[0m
(node:63657) [MODULE_TYPELESS_PACKAGE_JSON] Warning: Module type of file:///Users/natespilman/Repos/EPTSS-website/eptss-site/apps/web/next.config.js is not specified and it doesn't parse as CommonJS.
Reparsing as ES module because module syntax was detected. This incurs a performance overhead.
To eliminate this warning, add "type": "module" to /Users/natespilman/Repos/EPTSS-website/eptss-site/apps/web/package.json.
(Use `node --trace-warnings ...` to show where the warning was created)
   [1m[38;2;173;127;168m▲ Next.js 15.5.0[39m[22m
   - Environments: .env
   - Experiments (use with caution):
     · optimizePackageImports

 [37m[1m [22m[39m Creating an optimized production build ...
(node:63669) [MODULE_TYPELESS_PACKAGE_JSON] Warning: Module type of file:///Users/natespilman/Repos/EPTSS-website/eptss-site/apps/web/next.config.js is not specified and it doesn't parse as CommonJS.
Reparsing as ES module because module syntax was detected. This incurs a performance overhead.
To eliminate this warning, add "type": "module" to /Users/natespilman/Repos/EPTSS-website/eptss-site/apps/web/package.json.
(Use `node --trace-warnings ...` to show where the warning was created)
 ⚠ Compiled with warnings in 7.4s

../../node_modules/@opentelemetry/instrumentation/build/esm/platform/node/instrumentation.js
Critical dependency: the request of a dependency is an expression

Import trace for requested module:
../../node_modules/@opentelemetry/instrumentation/build/esm/platform/node/instrumentation.js
../../node_modules/@opentelemetry/instrumentation/build/esm/platform/node/index.js
../../node_modules/@opentelemetry/instrumentation/build/esm/platform/index.js
../../node_modules/@opentelemetry/instrumentation/build/esm/index.js
../../node_modules/@sentry/opentelemetry/build/cjs/index.js
../../node_modules/@sentry/nextjs/build/cjs/server/index.js
../../node_modules/@sentry/nextjs/build/cjs/index.server.js
./app/error.tsx

../../node_modules/@opentelemetry/instrumentation-http/node_modules/@opentelemetry/instrumentation/build/esm/platform/node/instrumentation.js
Critical dependency: the request of a dependency is an expression

Import trace for requested module:
../../node_modules/@opentelemetry/instrumentation-http/node_modules/@opentelemetry/instrumentation/build/esm/platform/node/instrumentation.js
../../node_modules/@opentelemetry/instrumentation-http/node_modules/@opentelemetry/instrumentation/build/esm/platform/node/index.js
../../node_modules/@opentelemetry/instrumentation-http/node_modules/@opentelemetry/instrumentation/build/esm/platform/index.js
../../node_modules/@opentelemetry/instrumentation-http/node_modules/@opentelemetry/instrumentation/build/esm/index.js
../../node_modules/@opentelemetry/instrumentation-http/build/src/http.js
../../node_modules/@opentelemetry/instrumentation-http/build/src/index.js
../../node_modules/@sentry/node/build/cjs/integrations/http/index.js
../../node_modules/@sentry/node/build/cjs/index.js
../../node_modules/@sentry/nextjs/build/cjs/index.server.js
./lib/logger.ts
./app/dashboard/actions.ts

../../node_modules/@opentelemetry/instrumentation/build/esm/platform/node/instrumentation.js
Critical dependency: the request of a dependency is an expression

Import trace for requested module:
../../node_modules/@opentelemetry/instrumentation/build/esm/platform/node/instrumentation.js
../../node_modules/@opentelemetry/instrumentation/build/esm/platform/node/index.js
../../node_modules/@opentelemetry/instrumentation/build/esm/platform/index.js
../../node_modules/@opentelemetry/instrumentation/build/esm/index.js
../../node_modules/@sentry/opentelemetry/build/cjs/index.js
../../node_modules/@sentry/nextjs/build/cjs/server/index.js
../../node_modules/@sentry/nextjs/build/cjs/index.server.js
./lib/logger.ts
./app/dashboard/actions.ts

../../node_modules/@prisma/instrumentation/node_modules/@opentelemetry/instrumentation/build/esm/platform/node/instrumentation.js
Critical dependency: the request of a dependency is an expression

Import trace for requested module:
../../node_modules/@prisma/instrumentation/node_modules/@opentelemetry/instrumentation/build/esm/platform/node/instrumentation.js
../../node_modules/@prisma/instrumentation/node_modules/@opentelemetry/instrumentation/build/esm/platform/node/index.js
../../node_modules/@prisma/instrumentation/node_modules/@opentelemetry/instrumentation/build/esm/platform/index.js
../../node_modules/@prisma/instrumentation/node_modules/@opentelemetry/instrumentation/build/esm/index.js
../../node_modules/@prisma/instrumentation/dist/chunk-PVBRMQBZ.js
../../node_modules/@prisma/instrumentation/dist/index.js
../../node_modules/@sentry/node/build/cjs/integrations/tracing/prisma.js
../../node_modules/@sentry/node/build/cjs/index.js
../../node_modules/@sentry/nextjs/build/cjs/index.server.js
./lib/logger.ts
./app/dashboard/actions.ts

(node:63740) [MODULE_TYPELESS_PACKAGE_JSON] Warning: Module type of file:///Users/natespilman/Repos/EPTSS-website/eptss-site/apps/web/next.config.js is not specified and it doesn't parse as CommonJS.
Reparsing as ES module because module syntax was detected. This incurs a performance overhead.
To eliminate this warning, add "type": "module" to /Users/natespilman/Repos/EPTSS-website/eptss-site/apps/web/package.json.
(Use `node --trace-warnings ...` to show where the warning was created)
<w> [webpack.cache.PackFileCacheStrategy] Serializing big strings (118kiB) impacts deserialization performance (consider using Buffer instead and decode when needed)
(node:63774) [MODULE_TYPELESS_PACKAGE_JSON] Warning: Module type of file:///Users/natespilman/Repos/EPTSS-website/eptss-site/apps/web/next.config.js is not specified and it doesn't parse as CommonJS.
Reparsing as ES module because module syntax was detected. This incurs a performance overhead.
To eliminate this warning, add "type": "module" to /Users/natespilman/Repos/EPTSS-website/eptss-site/apps/web/package.json.
(Use `node --trace-warnings ...` to show where the warning was created)
Found 3 warnings while optimizing generated CSS:

Issue #1:
[2m│ }[22m
[2m│ @layer base {[22m
[2m│[22m   @import url('https://fonts.googleapis.com/css2?family=Rock+Salt&display=swap');
[2m┆[22m          [33m[2m^--[22m Unknown at rule: @import[39m
[2m┆[22m
[2m│   @import url('https://fonts.googleapis.com/css2?family=Roboto:wght@300;400;500&display=swap');[22m
[2m│   @import url('https://fonts.googleapis.com/css2?family=Fraunces:wght@300;400;700&display=swap');[22m

Issue #2:
[2m│ @layer base {[22m
[2m│   @import url('https://fonts.googleapis.com/css2?family=Rock+Salt&display=swap');[22m
[2m│[22m   @import url('https://fonts.googleapis.com/css2?family=Roboto:wght@300;400;500&display=swap');
[2m┆[22m          [33m[2m^--[22m Unknown at rule: @import[39m
[2m┆[22m
[2m│   @import url('https://fonts.googleapis.com/css2?family=Fraunces:wght@300;400;700&display=swap');[22m
[2m│ }[22m

Issue #3:
[2m│   @import url('https://fonts.googleapis.com/css2?family=Rock+Salt&display=swap');[22m
[2m│   @import url('https://fonts.googleapis.com/css2?family=Roboto:wght@300;400;500&display=swap');[22m
[2m│[22m   @import url('https://fonts.googleapis.com/css2?family=Fraunces:wght@300;400;700&display=swap');
[2m┆[22m          [33m[2m^--[22m Unknown at rule: @import[39m
[2m┆[22m
[2m│ }[22m
[2m│ @layer base {[22m

 [32m[1m✓[22m[39m Compiled successfully in 9.9s
[?25l [37m[1m [22m[39m Linting and checking validity of types  [36m.[39m[2K[1G[1A[2K[1G [37m[1m [22m[39m Linting and checking validity of types  [36m..[39m[2K[1G[1A[2K[1G [37m[1m [22m[39m Linting and checking validity of types  [36m...[39m[2K[1G[1A[2K[1G [37m[1m [22m[39m Linting and checking validity of types  [36m.[39m[2K[1G[1A[2K[1G [37m[1m [22m[39m Linting and checking validity of types  [36m..[39m[2K[1G[1A[2K[1G [37m[1m [22m[39m Linting and checking validity of types  [36m...[39m[2K[1G[1A[2K[1G [37m[1m [22m[39m Linting and checking validity of types  [36m.[39m[2K[1G[1A[2K[1G [37m[1m [22m[39m Linting and checking validity of types  [36m..[39m ⨯ ESLint: Error while loading rule '@next/next/no-html-link-for-pages': The "path" argument must be of type string. Received undefined Occurred while linting /Users/natespilman/Repos/EPTSS-website/eptss-site/apps/web/app/ClientHero.tsx
[2K[1G[1A[2K[1G [37m[1m [22m[39m Linting and checking validity of types  [36m...[39m[2K[1G[1A[2K[1G [37m[1m [22m[39m Linting and checking validity of types  [36m.[39m[2K[1G[1A[2K[1G [37m[1m [22m[39m Linting and checking validity of types  [36m..[39m[2K[1G[1A[2K[1G [37m[1m [22m[39m Linting and checking validity of types  [36m...[39m[2K[1G[1A[2K[1G [37m[1m [22m[39m Linting and checking validity of types  [36m.[39m[2K[1G[1A[2K[1G [37m[1m [22m[39m Linting and checking validity of types  [36m..[39m[2K[1G[1A[2K[1G [37m[1m [22m[39m Linting and checking validity of types  [36m...[39m[2K[1G[1A[2K[1G [37m[1m [22m[39m Linting and checking validity of types  [36m.[39m[2K[1G[1A[2K[1G [37m[1m [22m[39m Linting and checking validity of types  [36m..[39m[2K[1G[1A[2K[1G [37m[1m [22m[39m Linting and checking validity of types  [36m...[39m[2K[1G[1A[2K[1G [37m[1m [22m[39m Linting and checking validity of types  [36m.[39m[2K[1G[1A[2K[1G [37m[1m [22m[39m Linting and checking validity of types  [36m..[39m[2K[1G[1A[2K[1G [37m[1m [22m[39m Linting and checking validity of types  [36m...[39m[2K[1G[1A[2K[1G [37m[1m [22m[39m Linting and checking validity of types  [36m.[39m[2K[1G[1A[2K[1G [37m[1m [22m[39m Linting and checking validity of types  [36m..[39m[2K[1G[1A[2K[1G [37m[1m [22m[39m Linting and checking validity of types  [36m...[39m[2K[1G[1A[2K[1G [37m[1m [22m[39m Linting and checking validity of types  [36m.[39m[2K[1G[1A[2K[1G [37m[1m [22m[39m Linting and checking validity of types  [36m..[39m[2K[1G[1A[2K[1G [37m[1m [22m[39m Linting and checking validity of types  [36m...[39m[2K[1G[1A[2K[1G [37m[1m [22m[39m Linting and checking validity of types  [36m.[39m[2K[1G[1A[2K[1G [37m[1m [22m[39m Linting and checking validity of types  [36m..[39m[2K[1G[1A[2K[1G [37m[1m [22m[39m Linting and checking validity of types  [36m...[39m[2K[1G[1A[2K[1G [37m[1m [22m[39m Linting and checking validity of types  [36m.[39m[2K[1G[1A[2K[1G [37m[1m [22m[39m Linting and checking validity of types  [36m..[39m[2K[1G[1A[2K[1G [37m[1m [22m[39m Linting and checking validity of types  [36m...[39m[2K[1G[1A[2K[1G [37m[1m [22m[39m Linting and checking validity of types  [36m.[39m[2K[1G[1A[2K[1G [37m[1m [22m[39m Linting and checking validity of types  [36m..[39m[2K[1G[1A[2K[1G [37m[1m [22m[39m Linting and checking validity of types  [36m...[39m[2K[1G[1A[2K[1G [37m[1m [22m[39m Linting and checking validity of types  [36m.[39m[2K[1G[1A[2K[1G[?25h [37m[1m [22m[39m Linting and checking validity of types     [32m[1m✓[22m[39m Linting and checking validity of types 
[?25l [37m[1m [22m[39m Collecting page data  [36m.[39m[2K[1G[1A[2K[1G [37m[1m [22m[39m Collecting page data  [36m..[39m[2K[1G[1A[2K[1G [37m[1m [22m[39m Collecting page data  [36m...[39m(node:63834) [DEP0040] DeprecationWarning: The `punycode` module is deprecated. Please use a userland alternative instead.
(Use `node --trace-deprecation ...` to show where the warning was created)
(node:63830) [DEP0040] DeprecationWarning: The `punycode` module is deprecated. Please use a userland alternative instead.
(Use `node --trace-deprecation ...` to show where the warning was created)
(node:63836) [DEP0040] DeprecationWarning: The `punycode` module is deprecated. Please use a userland alternative instead.
(Use `node --trace-deprecation ...` to show where the warning was created)
(node:63833) [DEP0040] DeprecationWarning: The `punycode` module is deprecated. Please use a userland alternative instead.
(Use `node --trace-deprecation ...` to show where the warning was created)
(node:63831) [DEP0040] DeprecationWarning: The `punycode` module is deprecated. Please use a userland alternative instead.
(Use `node --trace-deprecation ...` to show where the warning was created)
[2K[1G[1A[2K[1G [37m[1m [22m[39m Collecting page data  [36m.[39m(node:63832) [DEP0040] DeprecationWarning: The `punycode` module is deprecated. Please use a userland alternative instead.
(Use `node --trace-deprecation ...` to show where the warning was created)
[2K[1G[1A[2K[1G [37m[1m [22m[39m Collecting page data  [36m..[39m(node:63835) [DEP0040] DeprecationWarning: The `punycode` module is deprecated. Please use a userland alternative instead.
(Use `node --trace-deprecation ...` to show where the warning was created)
[2K[1G[1A[2K[1G [37m[1m [22m[39m Collecting page data  [36m...[39m[2K[1G[1A[2K[1G[?25h [37m[1m [22m[39m Collecting page data     [32m[1m✓[22m[39m Collecting page data 
[?25l [37m[1m [22m[39m Generating static pages (0/33)  [36m[    ][39m[2K[1G[1A[2K[1G [37m[1m [22m[39m Generating static pages (0/33)  [36m[=   ][39m[2K[1G[1A[2K[1G [37m[1m [22m[39m Generating static pages (0/33)  [36m[==  ][39m[2K[1G[1A[2K[1G[?25h(node:63887) [DEP0040] DeprecationWarning: The `punycode` module is deprecated. Please use a userland alternative instead.
(Use `node --trace-deprecation ...` to show where the warning was created)
(node:63888) [DEP0040] DeprecationWarning: The `punycode` module is deprecated. Please use a userland alternative instead.
(Use `node --trace-deprecation ...` to show where the warning was created)
[?25h [32m[1m✓[22m[39m Generating static pages (33/33)
[?25l [37m[1m [22m[39m Finalizing page optimization  [36m.[39m[?25l [37m[1m [22m[39m Collecting build traces  [36m.[39m[2K[1G[1A[2K[1G[?25h [37m[1m [22m[39m Collecting build traces     [32m[1m✓[22m[39m Collecting build traces 
[2K[1G[1A[2K[1G[?25h [37m[1m [22m[39m Finalizing page optimization     [32m[1m✓[22m[39m Finalizing page optimization 

[4mRoute (app)[24m                                 [4mSize[24m  [4mFirst Load JS[24m  [4m[24m  [4m[24m
┌ ƒ /                                      148 B         [37m[1m271 kB[22m[39m
├ ƒ /_not-found                            173 B         [37m[1m153 kB[22m[39m
├ ƒ /admin                               13.5 kB         [37m[1m288 kB[22m[39m
├ ƒ /admin/[slug]                        2.06 kB         [37m[1m267 kB[22m[39m
├ ƒ /api/cron/assign-round-song            173 B         [37m[1m153 kB[22m[39m
├ ƒ /api/cron/create-future-rounds         173 B         [37m[1m153 kB[22m[39m
├ ƒ /api/cron/send-reminder-emails         173 B         [37m[1m153 kB[22m[39m
├ ƒ /api/profile/update                    173 B         [37m[1m153 kB[22m[39m
├ ƒ /api/round-info                        173 B         [37m[1m153 kB[22m[39m
├ ƒ /api/round/current                     173 B         [37m[1m153 kB[22m[39m
├ ƒ /api/rounds                            173 B         [37m[1m153 kB[22m[39m
├ ƒ /api/test-report                       173 B         [37m[1m153 kB[22m[39m
├ ƒ /auth/callback                         173 B         [37m[1m153 kB[22m[39m
├ ƒ /auth/create-user                      173 B         [37m[1m153 kB[22m[39m
├ ƒ /auth/google/callback                  173 B         [37m[1m153 kB[22m[39m
├ ƒ /auth/password                       4.04 kB         [37m[1m343 kB[22m[39m
├ ƒ /blog                                  166 B         [37m[1m157 kB[22m[39m
├ ƒ /blog/[slug]                           173 B         [37m[1m153 kB[22m[39m
├ ƒ /callback                              309 B         [37m[1m266 kB[22m[39m
├ ƒ /dashboard                           5.41 kB         [37m[1m280 kB[22m[39m
├ ƒ /faq                                   173 B         [37m[1m153 kB[22m[39m
├ ƒ /feedback                            2.19 kB         [37m[1m282 kB[22m[39m
├ ƒ /health                              3.52 kB         [37m[1m171 kB[22m[39m
├ ƒ /home                                  148 B         [37m[1m271 kB[22m[39m
├ ƒ /login                               4.96 kB         [37m[1m344 kB[22m[39m
├ ƒ /privacy-policy                        173 B         [37m[1m153 kB[22m[39m
├ ƒ /profile                             4.96 kB         [37m[1m276 kB[22m[39m
├ ƒ /reporting                           2.63 kB         [37m[1m268 kB[22m[39m
├ ƒ /round/[slug]                        69.7 kB         [37m[1m383 kB[22m[39m
├ ƒ /rounds                                181 B         [37m[1m268 kB[22m[39m
├ ƒ /sign-up                               149 B         [37m[1m289 kB[22m[39m
├ ƒ /sign-up/[slug]                        150 B         [37m[1m289 kB[22m[39m
├ ƒ /submit                              1.95 kB         [37m[1m282 kB[22m[39m
├ ƒ /submit/[roundId]                    1.95 kB         [37m[1m282 kB[22m[39m
├ ƒ /terms-of-service                      173 B         [37m[1m153 kB[22m[39m
├ ƒ /voting                              2.26 kB         [37m[1m282 kB[22m[39m
├ ƒ /voting/[slug]                       2.26 kB         [37m[1m282 kB[22m[39m
└ ƒ /waitlist                            3.73 kB         [37m[1m307 kB[22m[39m
+ First Load JS shared by all             [37m[1m153 kB[22m[39m
  ├ chunks/1492-1c13154d27a5d3c6.js        97 kB
  ├ chunks/87c73c54-dd8d81ac9604067c.js  54.2 kB
  └ other shared chunks (total)          2.06 kB


ƒ Middleware                             [37m[1m82.9 kB[22m[39m

ƒ  (Dynamic)  server-rendered on demand

[?25h
